Determining if the pthread_create exist failed with the following output:
Change Dir: /home/ubuntu/environment/aws-robomaker-mini-pupper-application/robot_ws/build/mini_pupper_navigation/CMakeFiles/CMakeTmp

Run Build Command:"/usr/bin/make" "cmTC_ff345/fast"
/usr/bin/make -f CMakeFiles/cmTC_ff345.dir/build.make CMakeFiles/cmTC_ff345.dir/build
make[1]: Entering directory '/home/ubuntu/environment/aws-robomaker-mini-pupper-application/robot_ws/build/mini_pupper_navigation/CMakeFiles/CMakeTmp'
Building C object CMakeFiles/cmTC_ff345.dir/CheckSymbolExists.c.o
/usr/bin/cc    -o CMakeFiles/cmTC_ff345.dir/CheckSymbolExists.c.o   -c /home/ubuntu/environment/aws-robomaker-mini-pupper-application/robot_ws/build/mini_pupper_navigation/CMakeFiles/CMakeTmp/CheckSymbolExists.c
Linking C executable cmTC_ff345
/usr/bin/cmake -E cmake_link_script CMakeFiles/cmTC_ff345.dir/link.txt --verbose=1
/usr/bin/cc      -rdynamic CMakeFiles/cmTC_ff345.dir/CheckSymbolExists.c.o  -o cmTC_ff345 
CMakeFiles/cmTC_ff345.dir/CheckSymbolExists.c.o: In function `main':
CheckSymbolExists.c:(.text+0x1b): undefined reference to `pthread_create'
collect2: error: ld returned 1 exit status
CMakeFiles/cmTC_ff345.dir/build.make:97: recipe for target 'cmTC_ff345' failed
make[1]: *** [cmTC_ff345] Error 1
make[1]: Leaving directory '/home/ubuntu/environment/aws-robomaker-mini-pupper-application/robot_ws/build/mini_pupper_navigation/CMakeFiles/CMakeTmp'
Makefile:126: recipe for target 'cmTC_ff345/fast' failed
make: *** [cmTC_ff345/fast] Error 2

File /home/ubuntu/environment/aws-robomaker-mini-pupper-application/robot_ws/build/mini_pupper_navigation/CMakeFiles/CMakeTmp/CheckSymbolExists.c:
/* */
#include <pthread.h>

int main(int argc, char** argv)
{
  (void)argv;
#ifndef pthread_create
  return ((int*)(&pthread_create))[argc];
#else
  (void)argc;
  return 0;
#endif
}

Determining if the function pthread_create exists in the pthreads failed with the following output:
Change Dir: /home/ubuntu/environment/aws-robomaker-mini-pupper-application/robot_ws/build/mini_pupper_navigation/CMakeFiles/CMakeTmp

Run Build Command:"/usr/bin/make" "cmTC_2420d/fast"
/usr/bin/make -f CMakeFiles/cmTC_2420d.dir/build.make CMakeFiles/cmTC_2420d.dir/build
make[1]: Entering directory '/home/ubuntu/environment/aws-robomaker-mini-pupper-application/robot_ws/build/mini_pupper_navigation/CMakeFiles/CMakeTmp'
Building C object CMakeFiles/cmTC_2420d.dir/CheckFunctionExists.c.o
/usr/bin/cc   -DCHECK_FUNCTION_EXISTS=pthread_create   -o CMakeFiles/cmTC_2420d.dir/CheckFunctionExists.c.o   -c /usr/share/cmake-3.10/Modules/CheckFunctionExists.c
Linking C executable cmTC_2420d
/usr/bin/cmake -E cmake_link_script CMakeFiles/cmTC_2420d.dir/link.txt --verbose=1
/usr/bin/cc  -DCHECK_FUNCTION_EXISTS=pthread_create    -rdynamic CMakeFiles/cmTC_2420d.dir/CheckFunctionExists.c.o  -o cmTC_2420d -lpthreads 
/usr/bin/ld: cannot find -lpthreads
collect2: error: ld returned 1 exit status
CMakeFiles/cmTC_2420d.dir/build.make:97: recipe for target 'cmTC_2420d' failed
make[1]: *** [cmTC_2420d] Error 1
make[1]: Leaving directory '/home/ubuntu/environment/aws-robomaker-mini-pupper-application/robot_ws/build/mini_pupper_navigation/CMakeFiles/CMakeTmp'
Makefile:126: recipe for target 'cmTC_2420d/fast' failed
make: *** [cmTC_2420d/fast] Error 2


