Determining if the pthread_create exist failed with the following output:
Change Dir: /home/ubuntu/environment/aws-robomaker-mini-pupper-application/simulation_ws/build/champ_description/CMakeFiles/CMakeTmp

Run Build Command:"/usr/bin/make" "cmTC_48b7e/fast"
/usr/bin/make -f CMakeFiles/cmTC_48b7e.dir/build.make CMakeFiles/cmTC_48b7e.dir/build
make[1]: Entering directory '/home/ubuntu/environment/aws-robomaker-mini-pupper-application/simulation_ws/build/champ_description/CMakeFiles/CMakeTmp'
Building C object CMakeFiles/cmTC_48b7e.dir/CheckSymbolExists.c.o
/usr/bin/cc    -o CMakeFiles/cmTC_48b7e.dir/CheckSymbolExists.c.o   -c /home/ubuntu/environment/aws-robomaker-mini-pupper-application/simulation_ws/build/champ_description/CMakeFiles/CMakeTmp/CheckSymbolExists.c
Linking C executable cmTC_48b7e
/usr/bin/cmake -E cmake_link_script CMakeFiles/cmTC_48b7e.dir/link.txt --verbose=1
/usr/bin/cc      -rdynamic CMakeFiles/cmTC_48b7e.dir/CheckSymbolExists.c.o  -o cmTC_48b7e 
CMakeFiles/cmTC_48b7e.dir/CheckSymbolExists.c.o: In function `main':
CheckSymbolExists.c:(.text+0x1b): undefined reference to `pthread_create'
collect2: error: ld returned 1 exit status
CMakeFiles/cmTC_48b7e.dir/build.make:97: recipe for target 'cmTC_48b7e' failed
make[1]: *** [cmTC_48b7e] Error 1
make[1]: Leaving directory '/home/ubuntu/environment/aws-robomaker-mini-pupper-application/simulation_ws/build/champ_description/CMakeFiles/CMakeTmp'
Makefile:126: recipe for target 'cmTC_48b7e/fast' failed
make: *** [cmTC_48b7e/fast] Error 2

File /home/ubuntu/environment/aws-robomaker-mini-pupper-application/simulation_ws/build/champ_description/CMakeFiles/CMakeTmp/CheckSymbolExists.c:
/* */
#include <pthread.h>

int main(int argc, char** argv)
{
  (void)argv;
#ifndef pthread_create
  return ((int*)(&pthread_create))[argc];
#else
  (void)argc;
  return 0;
#endif
}

Determining if the function pthread_create exists in the pthreads failed with the following output:
Change Dir: /home/ubuntu/environment/aws-robomaker-mini-pupper-application/simulation_ws/build/champ_description/CMakeFiles/CMakeTmp

Run Build Command:"/usr/bin/make" "cmTC_579d4/fast"
/usr/bin/make -f CMakeFiles/cmTC_579d4.dir/build.make CMakeFiles/cmTC_579d4.dir/build
make[1]: Entering directory '/home/ubuntu/environment/aws-robomaker-mini-pupper-application/simulation_ws/build/champ_description/CMakeFiles/CMakeTmp'
Building C object CMakeFiles/cmTC_579d4.dir/CheckFunctionExists.c.o
/usr/bin/cc   -DCHECK_FUNCTION_EXISTS=pthread_create   -o CMakeFiles/cmTC_579d4.dir/CheckFunctionExists.c.o   -c /usr/share/cmake-3.10/Modules/CheckFunctionExists.c
Linking C executable cmTC_579d4
/usr/bin/cmake -E cmake_link_script CMakeFiles/cmTC_579d4.dir/link.txt --verbose=1
/usr/bin/cc  -DCHECK_FUNCTION_EXISTS=pthread_create    -rdynamic CMakeFiles/cmTC_579d4.dir/CheckFunctionExists.c.o  -o cmTC_579d4 -lpthreads 
/usr/bin/ld: cannot find -lpthreads
collect2: error: ld returned 1 exit status
CMakeFiles/cmTC_579d4.dir/build.make:97: recipe for target 'cmTC_579d4' failed
make[1]: *** [cmTC_579d4] Error 1
make[1]: Leaving directory '/home/ubuntu/environment/aws-robomaker-mini-pupper-application/simulation_ws/build/champ_description/CMakeFiles/CMakeTmp'
Makefile:126: recipe for target 'cmTC_579d4/fast' failed
make: *** [cmTC_579d4/fast] Error 2


