Determining if the pthread_create exist failed with the following output:
Change Dir: /home/ubuntu/environment/aws-robomaker-mini-pupper-application/simulation_ws/build/mini_pupper_description/CMakeFiles/CMakeTmp

Run Build Command:"/usr/bin/make" "cmTC_dd9df/fast"
/usr/bin/make -f CMakeFiles/cmTC_dd9df.dir/build.make CMakeFiles/cmTC_dd9df.dir/build
make[1]: Entering directory '/home/ubuntu/environment/aws-robomaker-mini-pupper-application/simulation_ws/build/mini_pupper_description/CMakeFiles/CMakeTmp'
Building C object CMakeFiles/cmTC_dd9df.dir/CheckSymbolExists.c.o
/usr/bin/cc    -o CMakeFiles/cmTC_dd9df.dir/CheckSymbolExists.c.o   -c /home/ubuntu/environment/aws-robomaker-mini-pupper-application/simulation_ws/build/mini_pupper_description/CMakeFiles/CMakeTmp/CheckSymbolExists.c
Linking C executable cmTC_dd9df
/usr/bin/cmake -E cmake_link_script CMakeFiles/cmTC_dd9df.dir/link.txt --verbose=1
/usr/bin/cc      -rdynamic CMakeFiles/cmTC_dd9df.dir/CheckSymbolExists.c.o  -o cmTC_dd9df 
CMakeFiles/cmTC_dd9df.dir/CheckSymbolExists.c.o: In function `main':
CheckSymbolExists.c:(.text+0x1b): undefined reference to `pthread_create'
collect2: error: ld returned 1 exit status
CMakeFiles/cmTC_dd9df.dir/build.make:97: recipe for target 'cmTC_dd9df' failed
make[1]: *** [cmTC_dd9df] Error 1
make[1]: Leaving directory '/home/ubuntu/environment/aws-robomaker-mini-pupper-application/simulation_ws/build/mini_pupper_description/CMakeFiles/CMakeTmp'
Makefile:126: recipe for target 'cmTC_dd9df/fast' failed
make: *** [cmTC_dd9df/fast] Error 2

File /home/ubuntu/environment/aws-robomaker-mini-pupper-application/simulation_ws/build/mini_pupper_description/CMakeFiles/CMakeTmp/CheckSymbolExists.c:
/* */
#include <pthread.h>

int main(int argc, char** argv)
{
  (void)argv;
#ifndef pthread_create
  return ((int*)(&pthread_create))[argc];
#else
  (void)argc;
  return 0;
#endif
}

Determining if the function pthread_create exists in the pthreads failed with the following output:
Change Dir: /home/ubuntu/environment/aws-robomaker-mini-pupper-application/simulation_ws/build/mini_pupper_description/CMakeFiles/CMakeTmp

Run Build Command:"/usr/bin/make" "cmTC_b005e/fast"
/usr/bin/make -f CMakeFiles/cmTC_b005e.dir/build.make CMakeFiles/cmTC_b005e.dir/build
make[1]: Entering directory '/home/ubuntu/environment/aws-robomaker-mini-pupper-application/simulation_ws/build/mini_pupper_description/CMakeFiles/CMakeTmp'
Building C object CMakeFiles/cmTC_b005e.dir/CheckFunctionExists.c.o
/usr/bin/cc   -DCHECK_FUNCTION_EXISTS=pthread_create   -o CMakeFiles/cmTC_b005e.dir/CheckFunctionExists.c.o   -c /usr/share/cmake-3.10/Modules/CheckFunctionExists.c
Linking C executable cmTC_b005e
/usr/bin/cmake -E cmake_link_script CMakeFiles/cmTC_b005e.dir/link.txt --verbose=1
/usr/bin/cc  -DCHECK_FUNCTION_EXISTS=pthread_create    -rdynamic CMakeFiles/cmTC_b005e.dir/CheckFunctionExists.c.o  -o cmTC_b005e -lpthreads 
/usr/bin/ld: cannot find -lpthreads
collect2: error: ld returned 1 exit status
CMakeFiles/cmTC_b005e.dir/build.make:97: recipe for target 'cmTC_b005e' failed
make[1]: *** [cmTC_b005e] Error 1
make[1]: Leaving directory '/home/ubuntu/environment/aws-robomaker-mini-pupper-application/simulation_ws/build/mini_pupper_description/CMakeFiles/CMakeTmp'
Makefile:126: recipe for target 'cmTC_b005e/fast' failed
make: *** [cmTC_b005e/fast] Error 2


