Determining if the pthread_create exist failed with the following output:
Change Dir: /home/ubuntu/environment/aws-robomaker-mini-pupper-application/simulation_ws/build/champ/CMakeFiles/CMakeTmp

Run Build Command:"/usr/bin/make" "cmTC_e714a/fast"
/usr/bin/make -f CMakeFiles/cmTC_e714a.dir/build.make CMakeFiles/cmTC_e714a.dir/build
make[1]: Entering directory '/home/ubuntu/environment/aws-robomaker-mini-pupper-application/simulation_ws/build/champ/CMakeFiles/CMakeTmp'
Building C object CMakeFiles/cmTC_e714a.dir/CheckSymbolExists.c.o
/usr/bin/cc    -o CMakeFiles/cmTC_e714a.dir/CheckSymbolExists.c.o   -c /home/ubuntu/environment/aws-robomaker-mini-pupper-application/simulation_ws/build/champ/CMakeFiles/CMakeTmp/CheckSymbolExists.c
Linking C executable cmTC_e714a
/usr/bin/cmake -E cmake_link_script CMakeFiles/cmTC_e714a.dir/link.txt --verbose=1
/usr/bin/cc      -rdynamic CMakeFiles/cmTC_e714a.dir/CheckSymbolExists.c.o  -o cmTC_e714a 
CMakeFiles/cmTC_e714a.dir/CheckSymbolExists.c.o: In function `main':
CheckSymbolExists.c:(.text+0x1b): undefined reference to `pthread_create'
collect2: error: ld returned 1 exit status
CMakeFiles/cmTC_e714a.dir/build.make:97: recipe for target 'cmTC_e714a' failed
make[1]: *** [cmTC_e714a] Error 1
make[1]: Leaving directory '/home/ubuntu/environment/aws-robomaker-mini-pupper-application/simulation_ws/build/champ/CMakeFiles/CMakeTmp'
Makefile:126: recipe for target 'cmTC_e714a/fast' failed
make: *** [cmTC_e714a/fast] Error 2

File /home/ubuntu/environment/aws-robomaker-mini-pupper-application/simulation_ws/build/champ/CMakeFiles/CMakeTmp/CheckSymbolExists.c:
/* */
#include <pthread.h>

int main(int argc, char** argv)
{
  (void)argv;
#ifndef pthread_create
  return ((int*)(&pthread_create))[argc];
#else
  (void)argc;
  return 0;
#endif
}

Determining if the function pthread_create exists in the pthreads failed with the following output:
Change Dir: /home/ubuntu/environment/aws-robomaker-mini-pupper-application/simulation_ws/build/champ/CMakeFiles/CMakeTmp

Run Build Command:"/usr/bin/make" "cmTC_9a144/fast"
/usr/bin/make -f CMakeFiles/cmTC_9a144.dir/build.make CMakeFiles/cmTC_9a144.dir/build
make[1]: Entering directory '/home/ubuntu/environment/aws-robomaker-mini-pupper-application/simulation_ws/build/champ/CMakeFiles/CMakeTmp'
Building C object CMakeFiles/cmTC_9a144.dir/CheckFunctionExists.c.o
/usr/bin/cc   -DCHECK_FUNCTION_EXISTS=pthread_create   -o CMakeFiles/cmTC_9a144.dir/CheckFunctionExists.c.o   -c /usr/share/cmake-3.10/Modules/CheckFunctionExists.c
Linking C executable cmTC_9a144
/usr/bin/cmake -E cmake_link_script CMakeFiles/cmTC_9a144.dir/link.txt --verbose=1
/usr/bin/cc  -DCHECK_FUNCTION_EXISTS=pthread_create    -rdynamic CMakeFiles/cmTC_9a144.dir/CheckFunctionExists.c.o  -o cmTC_9a144 -lpthreads 
/usr/bin/ld: cannot find -lpthreads
collect2: error: ld returned 1 exit status
CMakeFiles/cmTC_9a144.dir/build.make:97: recipe for target 'cmTC_9a144' failed
make[1]: *** [cmTC_9a144] Error 1
make[1]: Leaving directory '/home/ubuntu/environment/aws-robomaker-mini-pupper-application/simulation_ws/build/champ/CMakeFiles/CMakeTmp'
Makefile:126: recipe for target 'cmTC_9a144/fast' failed
make: *** [cmTC_9a144/fast] Error 2


